<?xml version="1.0" encoding="UTF-8"?>
<testng-results skipped="0" failed="0" total="1" passed="1">
  <reporter-output>
  </reporter-output>
  <suite name="Default suite" duration-ms="25792" started-at="2021-06-28T11:31:49Z" finished-at="2021-06-28T11:32:15Z">
    <groups>
    </groups>
    <test name="Default test" duration-ms="25792" started-at="2021-06-28T11:31:49Z" finished-at="2021-06-28T11:32:15Z">
      <class name="org.web.automation.testcases.TC006_LoginAndVerifyMe">
        <test-method status="PASS" signature="startBrowser()[pri:0, instance:org.web.automation.testcases.TC006_LoginAndVerifyMe@4cc0edeb]" name="startBrowser" is-config="true" duration-ms="13076" started-at="2021-06-28T17:01:49Z" finished-at="2021-06-28T17:02:02Z">
          <reporter-output>
          </reporter-output>
        </test-method> <!-- startBrowser -->
        <test-method status="PASS" signature="tc001()[pri:0, instance:org.web.automation.testcases.TC006_LoginAndVerifyMe@4cc0edeb]" name="tc001" duration-ms="12688" started-at="2021-06-28T17:02:02Z" finished-at="2021-06-28T17:02:15Z">
          <reporter-output>
          </reporter-output>
        </test-method> <!-- tc001 -->
        <test-method status="PASS" signature="clsoeBrowser()[pri:0, instance:org.web.automation.testcases.TC006_LoginAndVerifyMe@4cc0edeb]" name="clsoeBrowser" is-config="true" duration-ms="1" started-at="2021-06-28T17:02:15Z" finished-at="2021-06-28T17:02:15Z">
          <reporter-output>
          </reporter-output>
        </test-method> <!-- clsoeBrowser -->
      </class> <!-- org.web.automation.testcases.TC006_LoginAndVerifyMe -->
    </test> <!-- Default test -->
  </suite> <!-- Default suite -->
</testng-results>
